1602183771582	mozrunner::runner	INFO	Running command: "/usr/bin/firefox" "-marionette" "-foreground" "-no-remote" "-profile" "/tmp/rust_mozprofile.Y1CYWHQPvgia"
console.error: SearchCache: "_readCacheFile: Error reading cache file:" (new Error("", "(unknown module)"))
1602183773233	Marionette	INFO	Listening on port 33065
1602183773288	Marionette	WARN	TLS certificate errors will be ignored for this session
1602183831009	Marionette	INFO	Stopped listening on port 33065
1602184539287	mozrunner::runner	INFO	Running command: "/usr/bin/firefox" "-marionette" "-foreground" "-no-remote" "-profile" "/tmp/rust_mozprofile.YoQ2D8bSDAkT"
console.error: SearchCache: "_readCacheFile: Error reading cache file:" (new Error("", "(unknown module)"))
1602184541068	Marionette	INFO	Listening on port 33113
1602184541107	Marionette	WARN	TLS certificate errors will be ignored for this session
1602184596279	Marionette	INFO	Stopped listening on port 33113

###!!! [Child][RunMessage] Error: Channel closing: too late to send/recv, messages will be lost

1602185848080	mozrunner::runner	INFO	Running command: "/usr/bin/firefox" "-marionette" "-foreground" "-no-remote" "-profile" "/tmp/rust_mozprofile.I3YSJYTSVIlF"
console.error: SearchCache: "_readCacheFile: Error reading cache file:" (new Error("", "(unknown module)"))
1602185849761	Marionette	INFO	Listening on port 35307
1602185849807	Marionette	WARN	TLS certificate errors will be ignored for this session
JavaScript error: resource://gre/modules/UrlClassifierListManager.jsm, line 691: TypeError: this.tablesData[table] is undefined
JavaScript error: https://btm.azureedge.net/require/2020.08.28.3/config, line 10: Error: Script error for "kendo", needed by: dialogs
http://requirejs.org/docs/errors.html#scripterror
JavaScript error: https://btm.azureedge.net/require/2020.08.28.3/config, line 10: Error: Script error for "jquery-ui", needed by: dialogs
http://requirejs.org/docs/errors.html#scripterror
1602185852029	Marionette	INFO	Stopped listening on port 35307
1602185896698	mozrunner::runner	INFO	Running command: "/usr/bin/firefox" "-marionette" "-foreground" "-no-remote" "-profile" "/tmp/rust_mozprofile.npxxsS1bpevb"
console.error: SearchCache: "_readCacheFile: Error reading cache file:" (new Error("", "(unknown module)"))
1602185898516	Marionette	INFO	Listening on port 43663
1602185898604	Marionette	WARN	TLS certificate errors will be ignored for this session
1602185901232	Marionette	INFO	Stopped listening on port 43663
1602186187540	mozrunner::runner	INFO	Running command: "/usr/bin/firefox" "-marionette" "-foreground" "-no-remote" "-profile" "/tmp/rust_mozprofile.t8TE7rGdpIhv"
console.error: SearchCache: "_readCacheFile: Error reading cache file:" (new Error("", "(unknown module)"))
1602186189088	Marionette	INFO	Listening on port 44355
1602186189146	Marionette	WARN	TLS certificate errors will be ignored for this session
1602186203719	Marionette	INFO	Stopped listening on port 44355
1602186381714	mozrunner::runner	INFO	Running command: "/usr/bin/firefox" "-marionette" "-foreground" "-no-remote" "-profile" "/tmp/rust_mozprofile.GnQI0qqHc9Vq"
console.error: SearchCache: "_readCacheFile: Error reading cache file:" (new Error("", "(unknown module)"))
1602186383523	Marionette	INFO	Listening on port 46671
1602186383623	Marionette	WARN	TLS certificate errors will be ignored for this session
Exiting due to channel error.
Exiting due to channel error.
Exiting due to channel error.
1602194435413	mozrunner::runner	INFO	Running command: "/usr/bin/firefox" "-marionette" "-foreground" "-no-remote" "-profile" "/tmp/rust_mozprofile.aWmTifIQxgFb"
console.error: SearchCache: "_readCacheFile: Error reading cache file:" (new Error("", "(unknown module)"))
1602194437104	Marionette	INFO	Listening on port 35433
1602194437164	Marionette	WARN	TLS certificate errors will be ignored for this session
1602194455630	Marionette	INFO	Stopped listening on port 35433
1602194488400	mozrunner::runner	INFO	Running command: "/usr/bin/firefox" "-marionette" "-foreground" "-no-remote" "-profile" "/tmp/rust_mozprofile.5eruLhq1x3fW"
console.error: SearchCache: "_readCacheFile: Error reading cache file:" (new Error("", "(unknown module)"))
1602194490419	Marionette	INFO	Listening on port 46343
1602194490506	Marionette	WARN	TLS certificate errors will be ignored for this session
console.error: Region.jsm: "Error fetching region" (new AbortError("The operation was aborted. ", (void 0), 697))
console.error: Region.jsm: "Failed to fetch region" (new Error("NO_RESULT", "resource://gre/modules/Region.jsm", 351))
1602194507263	Marionette	INFO	Stopped listening on port 46343
1602194563112	mozrunner::runner	INFO	Running command: "/usr/bin/firefox" "-marionette" "-foreground" "-no-remote" "-profile" "/tmp/rust_mozprofile.9Si0KLPRb3mU"
console.error: SearchCache: "_readCacheFile: Error reading cache file:" (new Error("", "(unknown module)"))
1602194564688	Marionette	INFO	Listening on port 40375
1602194564718	Marionette	WARN	TLS certificate errors will be ignored for this session
1602194583202	Marionette	INFO	Stopped listening on port 40375
1602194864164	mozrunner::runner	INFO	Running command: "/usr/bin/firefox" "-marionette" "-foreground" "-no-remote" "-profile" "/tmp/rust_mozprofile.QUpmRsPqtGXL"
console.error: SearchCache: "_readCacheFile: Error reading cache file:" (new Error("", "(unknown module)"))
1602194866117	Marionette	INFO	Listening on port 36911
1602194866169	Marionette	WARN	TLS certificate errors will be ignored for this session
1602194883863	Marionette	INFO	Stopped listening on port 36911
1602195043282	mozrunner::runner	INFO	Running command: "/usr/bin/firefox" "-marionette" "-foreground" "-no-remote" "-profile" "/tmp/rust_mozprofile.ECzonPbMRxlm"
console.error: SearchCache: "_readCacheFile: Error reading cache file:" (new Error("", "(unknown module)"))
1602195045146	Marionette	INFO	Listening on port 33857
1602195045187	Marionette	WARN	TLS certificate errors will be ignored for this session
1602195066978	Marionette	INFO	Stopped listening on port 33857
1602195151613	mozrunner::runner	INFO	Running command: "/usr/bin/firefox" "-marionette" "-foreground" "-no-remote" "-profile" "/tmp/rust_mozprofile.AjO5976gq6ds"
console.error: SearchCache: "_readCacheFile: Error reading cache file:" (new Error("", "(unknown module)"))
1602195153929	Marionette	INFO	Listening on port 39627
1602195154018	Marionette	WARN	TLS certificate errors will be ignored for this session
1602195173625	Marionette	INFO	Stopped listening on port 39627
1602195356232	mozrunner::runner	INFO	Running command: "/usr/bin/firefox" "-marionette" "-foreground" "-no-remote" "-profile" "/tmp/rust_mozprofile.yc35L9wDJWCk"
console.error: SearchCache: "_readCacheFile: Error reading cache file:" (new Error("", "(unknown module)"))
1602195358664	Marionette	INFO	Listening on port 33271
1602195358744	Marionette	WARN	TLS certificate errors will be ignored for this session
JavaScript error: https://redrover.org/news/, line 15: TypeError: document.getElementsByName(...)[0] is undefined
JavaScript error: https://redrover.org/news/, line 15: TypeError: document.getElementsByName(...)[0] is undefined
JavaScript error: https://redrover.org/news/, line 15: TypeError: document.getElementsByName(...)[0] is undefined
JavaScript error: https://redrover.org/2020/10/08/a-touching-reunion-after-wildfire-heartbreak/, line 15: TypeError: document.getElementsByName(...)[0] is undefined
JavaScript error: https://redrover.org/2020/10/07/you-gave-chris-bella-safe-escape/, line 15: TypeError: document.getElementsByName(...)[0] is undefined
JavaScript error: https://redrover.org/2020/10/06/butte-county-deployment-a-look-back/, line 15: TypeError: document.getElementsByName(...)[0] is undefined
JavaScript error: https://redrover.org/2020/10/06/a-happy-tail-for-adora/, line 15: TypeError: document.getElementsByName(...)[0] is undefined
JavaScript error: https://redrover.org/2020/10/02/why-i-support-the-purple-leash-project-a-domestic-violence-survivor-shares-her-story/, line 15: TypeError: document.getElementsByName(...)[0] is undefined
1602195365697	Marionette	INFO	Stopped listening on port 33271
1602195395349	mozrunner::runner	INFO	Running command: "/usr/bin/firefox" "-marionette" "-foreground" "-no-remote" "-profile" "/tmp/rust_mozprofile.jXu62hWeLMcu"
console.error: SearchCache: "_readCacheFile: Error reading cache file:" (new Error("", "(unknown module)"))
1602195397831	Marionette	INFO	Listening on port 40967
1602195397856	Marionette	WARN	TLS certificate errors will be ignored for this session
1602195401354	Marionette	INFO	Stopped listening on port 40967
1602195413208	mozrunner::runner	INFO	Running command: "/usr/bin/firefox" "-marionette" "-foreground" "-no-remote" "-profile" "/tmp/rust_mozprofile.BAZrPJ7bcF19"
console.error: SearchCache: "_readCacheFile: Error reading cache file:" (new Error("", "(unknown module)"))
1602195415592	Marionette	INFO	Listening on port 43499
1602195415615	Marionette	WARN	TLS certificate errors will be ignored for this session
JavaScript error: , line 0: uncaught exception: Object
JavaScript error: , line 0: uncaught exception: Object
1602195431565	Marionette	INFO	Stopped listening on port 43499
1602257696538	mozrunner::runner	INFO	Running command: "/usr/bin/firefox" "-marionette" "-foreground" "-no-remote" "-profile" "/tmp/rust_mozprofile.SH9DPHnkaHun"
console.error: SearchCache: "_readCacheFile: Error reading cache file:" (new Error("", "(unknown module)"))
1602257698336	Marionette	INFO	Listening on port 45289
1602257698343	Marionette	WARN	TLS certificate errors will be ignored for this session
1602257710639	Marionette	INFO	Stopped listening on port 45289
1602258031696	mozrunner::runner	INFO	Running command: "/usr/bin/firefox" "-marionette" "-foreground" "-no-remote" "-profile" "/tmp/rust_mozprofile.mLRV8F9CYgYJ"
console.error: SearchCache: "_readCacheFile: Error reading cache file:" (new Error("", "(unknown module)"))
1602258033576	Marionette	INFO	Listening on port 45095
1602258033601	Marionette	WARN	TLS certificate errors will be ignored for this session
1602258045216	Marionette	INFO	Stopped listening on port 45095
1602258126240	mozrunner::runner	INFO	Running command: "/usr/bin/firefox" "-marionette" "-foreground" "-no-remote" "-profile" "/tmp/rust_mozprofile.iehZs5RVZAWD"
console.error: SearchCache: "_readCacheFile: Error reading cache file:" (new Error("", "(unknown module)"))
1602258128186	Marionette	INFO	Listening on port 41785
1602258128246	Marionette	WARN	TLS certificate errors will be ignored for this session
1602258137185	Marionette	INFO	Stopped listening on port 41785
1602262315266	mozrunner::runner	INFO	Running command: "/usr/bin/firefox" "-marionette" "-foreground" "-no-remote" "-profile" "/tmp/rust_mozprofile.8ury0eZ0MdMj"
console.error: SearchCache: "_readCacheFile: Error reading cache file:" (new Error("", "(unknown module)"))
1602262317064	Marionette	INFO	Listening on port 42169
1602262317076	Marionette	WARN	TLS certificate errors will be ignored for this session
JavaScript error: https://p.journity.com/collector.min.js, line 33: Error: Promise timed out
1602262339083	Marionette	INFO	Stopped listening on port 42169
1602262573235	mozrunner::runner	INFO	Running command: "/usr/bin/firefox" "-marionette" "-foreground" "-no-remote" "-profile" "/tmp/rust_mozprofile.3XA35tCuy7ls"
console.error: SearchCache: "_readCacheFile: Error reading cache file:" (new Error("", "(unknown module)"))
1602262575455	Marionette	INFO	Listening on port 36425
1602262575554	Marionette	WARN	TLS certificate errors will be ignored for this session
1602262586675	Marionette	INFO	Stopped listening on port 36425
1602262631008	mozrunner::runner	INFO	Running command: "/usr/bin/firefox" "-marionette" "-foreground" "-no-remote" "-profile" "/tmp/rust_mozprofile.BSCtKUo83EVM"
console.error: SearchCache: "_readCacheFile: Error reading cache file:" (new Error("", "(unknown module)"))
1602262633126	Marionette	INFO	Listening on port 33027
1602262633213	Marionette	WARN	TLS certificate errors will be ignored for this session
JavaScript error: https://btm.azureedge.net/require/2020.08.28.3/config, line 10: Error: Script error for "bootstrap", needed by: blog
http://requirejs.org/docs/errors.html#scripterror
JavaScript error: https://btm.azureedge.net/require/2020.08.28.3/config, line 10: Error: Script error for "jquery-ui", needed by: dialogs
http://requirejs.org/docs/errors.html#scripterror
JavaScript error: https://btm.azureedge.net/require/2020.08.28.3/config, line 10: Error: Script error for "cart"
http://requirejs.org/docs/errors.html#scripterror
1602262659711	Marionette	INFO	Stopped listening on port 33027
JavaScript error: https://btm.azureedge.net/require/2020.08.28.3/config, line 10: Error: Script error for "jquery-ui", needed by: dialogs
http://requirejs.org/docs/errors.html#scripterror

###!!! [Child][MessageChannel] Error: (msgtype=0x3900B8,name=PContent::Msg_StartVisitedQueries) Channel closing: too late to send/recv, messages will be lost

1602262829335	mozrunner::runner	INFO	Running command: "/usr/bin/firefox" "-marionette" "-foreground" "-no-remote" "-profile" "/tmp/rust_mozprofile.55NcFYBQ8z9A"
console.error: SearchCache: "_readCacheFile: Error reading cache file:" (new Error("", "(unknown module)"))
1602262831159	Marionette	INFO	Listening on port 41829
1602262831240	Marionette	WARN	TLS certificate errors will be ignored for this session
1602262840551	Marionette	INFO	Stopped listening on port 41829
1602262871497	mozrunner::runner	INFO	Running command: "/usr/bin/firefox" "-marionette" "-foreground" "-no-remote" "-profile" "/tmp/rust_mozprofile.9dPffdhwFqZH"
console.error: SearchCache: "_readCacheFile: Error reading cache file:" (new Error("", "(unknown module)"))
1602262873456	Marionette	INFO	Listening on port 43185
1602262873502	Marionette	WARN	TLS certificate errors will be ignored for this session
1602262881864	Marionette	INFO	Stopped listening on port 43185
1602262967254	mozrunner::runner	INFO	Running command: "/usr/bin/firefox" "-marionette" "-foreground" "-no-remote" "-profile" "/tmp/rust_mozprofile.B3n7JYBWeASx"
console.error: SearchCache: "_readCacheFile: Error reading cache file:" (new Error("", "(unknown module)"))
1602262968867	Marionette	INFO	Listening on port 37119
1602262968964	Marionette	WARN	TLS certificate errors will be ignored for this session
1602262976563	Marionette	INFO	Stopped listening on port 37119
1602263066642	mozrunner::runner	INFO	Running command: "/usr/bin/firefox" "-marionette" "-foreground" "-no-remote" "-profile" "/tmp/rust_mozprofile.XTTfLv0Nb20R"
console.error: SearchCache: "_readCacheFile: Error reading cache file:" (new Error("", "(unknown module)"))
1602263068888	Marionette	INFO	Listening on port 45003
1602263068968	Marionette	WARN	TLS certificate errors will be ignored for this session
1602263077084	Marionette	INFO	Stopped listening on port 45003
1602263122960	mozrunner::runner	INFO	Running command: "/usr/bin/firefox" "-marionette" "-foreground" "-no-remote" "-profile" "/tmp/rust_mozprofile.QCpAjtO6eHzx"
console.error: SearchCache: "_readCacheFile: Error reading cache file:" (new Error("", "(unknown module)"))
1602263124960	Marionette	INFO	Listening on port 38313
1602263124965	Marionette	WARN	TLS certificate errors will be ignored for this session
1602263132245	Marionette	INFO	Stopped listening on port 38313
1602263210699	mozrunner::runner	INFO	Running command: "/usr/bin/firefox" "-marionette" "-foreground" "-no-remote" "-profile" "/tmp/rust_mozprofile.ii2Yr5FulmJ2"
console.error: SearchCache: "_readCacheFile: Error reading cache file:" (new Error("", "(unknown module)"))
1602263212531	Marionette	INFO	Listening on port 33997
1602263212604	Marionette	WARN	TLS certificate errors will be ignored for this session
1602263218991	Marionette	INFO	Stopped listening on port 33997
1602263873696	mozrunner::runner	INFO	Running command: "/usr/bin/firefox" "-marionette" "-foreground" "-no-remote" "-profile" "/tmp/rust_mozprofile.HVU6DntrmzJu"
console.error: SearchCache: "_readCacheFile: Error reading cache file:" (new Error("", "(unknown module)"))
1602263875459	Marionette	INFO	Listening on port 43401
1602263875503	Marionette	WARN	TLS certificate errors will be ignored for this session
1602263907516	Marionette	INFO	Stopped listening on port 43401
1602263907950	mozrunner::runner	INFO	Running command: "/usr/bin/firefox" "-marionette" "-foreground" "-no-remote" "-profile" "/tmp/rust_mozprofile.vbGPspFbxOLr"
console.error: SearchCache: "_readCacheFile: Error reading cache file:" (new Error("", "(unknown module)"))
1602263909404	Marionette	INFO	Listening on port 45959
1602263909456	Marionette	WARN	TLS certificate errors will be ignored for this session
JavaScript error: https://redrover.org/news/, line 15: TypeError: document.getElementsByName(...)[0] is undefined
JavaScript error: https://redrover.org/news/, line 15: TypeError: document.getElementsByName(...)[0] is undefined
JavaScript error: https://redrover.org/news/, line 15: TypeError: document.getElementsByName(...)[0] is undefined
JavaScript error: https://redrover.org/news/, line 15: TypeError: document.getElementsByName(...)[0] is undefined
JavaScript error: https://redrover.org/news/, line 15: TypeError: document.getElementsByName(...)[0] is undefined
JavaScript error: https://redrover.org/news/, line 15: TypeError: document.getElementsByName(...)[0] is undefined
JavaScript error: https://redrover.org/news/, line 15: TypeError: document.getElementsByName(...)[0] is undefined
JavaScript error: https://redrover.org/news/, line 15: TypeError: document.getElementsByName(...)[0] is undefined
JavaScript error: https://redrover.org/2020/10/08/a-touching-reunion-after-wildfire-heartbreak/, line 15: TypeError: document.getElementsByName(...)[0] is undefined
JavaScript error: https://redrover.org/2020/10/07/you-gave-chris-bella-safe-escape/, line 15: TypeError: document.getElementsByName(...)[0] is undefined
JavaScript error: https://redrover.org/2020/10/06/butte-county-deployment-a-look-back/, line 15: TypeError: document.getElementsByName(...)[0] is undefined
1602263922922	Marionette	INFO	Stopped listening on port 45959
1602263923469	mozrunner::runner	INFO	Running command: "/usr/bin/firefox" "-marionette" "-foreground" "-no-remote" "-profile" "/tmp/rust_mozprofile.lc1nrViyjRcm"
console.error: SearchCache: "_readCacheFile: Error reading cache file:" (new Error("", "(unknown module)"))
1602263925454	Marionette	INFO	Listening on port 45703
1602263925474	Marionette	WARN	TLS certificate errors will be ignored for this session
1602263977197	Marionette	INFO	Stopped listening on port 45703
1602263977765	mozrunner::runner	INFO	Running command: "/usr/bin/firefox" "-marionette" "-foreground" "-no-remote" "-profile" "/tmp/rust_mozprofile.6C2f9l1o5VM5"
console.error: SearchCache: "_readCacheFile: Error reading cache file:" (new Error("", "(unknown module)"))
1602263979508	Marionette	INFO	Listening on port 40547
1602263979575	Marionette	WARN	TLS certificate errors will be ignored for this session
1602263984026	Marionette	INFO	Stopped listening on port 40547
1602263984432	mozrunner::runner	INFO	Running command: "/usr/bin/firefox" "-marionette" "-foreground" "-no-remote" "-profile" "/tmp/rust_mozprofile.19vRJREslfUg"
console.error: SearchCache: "_readCacheFile: Error reading cache file:" (new Error("", "(unknown module)"))
1602263986492	Marionette	INFO	Listening on port 41153
1602263986573	Marionette	WARN	TLS certificate errors will be ignored for this session
1602264167039	mozrunner::runner	INFO	Running command: "/usr/bin/firefox" "-marionette" "-foreground" "-no-remote" "-profile" "/tmp/rust_mozprofile.cmmm0sV3TBv7"
console.error: SearchCache: "_readCacheFile: Error reading cache file:" (new Error("", "(unknown module)"))
1602264168884	Marionette	INFO	Listening on port 44437
1602264168943	Marionette	WARN	TLS certificate errors will be ignored for this session
1602264359993	mozrunner::runner	INFO	Running command: "/usr/bin/firefox" "-marionette" "-foreground" "-no-remote" "-profile" "/tmp/rust_mozprofile.i5MY18k8Su0r"
console.error: SearchCache: "_readCacheFile: Error reading cache file:" (new Error("", "(unknown module)"))
1602264361919	Marionette	INFO	Listening on port 42757
1602264362019	Marionette	WARN	TLS certificate errors will be ignored for this session
Exiting due to channel error.
Exiting due to channel error.
Exiting due to channel error.
Exiting due to channel error.
Exiting due to channel error.
Exiting due to channel error.
Exiting due to channel error.
[GFX1-]: Receive IPC close with reason=AbnormalShutdown
Exiting due to channel error.
Exiting due to channel error.
1602264436030	mozrunner::runner	INFO	Running command: "/usr/bin/firefox" "-marionette" "-foreground" "-no-remote" "-profile" "/tmp/rust_mozprofile.O3KXwvlP8nxN"
console.error: SearchCache: "_readCacheFile: Error reading cache file:" (new Error("", "(unknown module)"))
1602264437766	Marionette	INFO	Listening on port 45091
1602264437836	Marionette	WARN	TLS certificate errors will be ignored for this session
1602264443531	Marionette	INFO	Stopped listening on port 45091
1602264444062	mozrunner::runner	INFO	Running command: "/usr/bin/firefox" "-marionette" "-foreground" "-no-remote" "-profile" "/tmp/rust_mozprofile.1U2KOeTbWGQ2"
console.error: SearchCache: "_readCacheFile: Error reading cache file:" (new Error("", "(unknown module)"))
1602264445987	Marionette	INFO	Listening on port 40217
1602264446068	Marionette	WARN	TLS certificate errors will be ignored for this session
JavaScript error: , line 0: uncaught exception: null
1602264453251	Marionette	INFO	Stopped listening on port 40217
1602264453800	mozrunner::runner	INFO	Running command: "/usr/bin/firefox" "-marionette" "-foreground" "-no-remote" "-profile" "/tmp/rust_mozprofile.i716LAIWC9Zs"
console.error: SearchCache: "_readCacheFile: Error reading cache file:" (new Error("", "(unknown module)"))
1602264455841	Marionette	INFO	Listening on port 41523
1602264455947	Marionette	WARN	TLS certificate errors will be ignored for this session
1602264458649	Marionette	INFO	Stopped listening on port 41523
1602264459087	mozrunner::runner	INFO	Running command: "/usr/bin/firefox" "-marionette" "-foreground" "-no-remote" "-profile" "/tmp/rust_mozprofile.gZMeRDzk6en2"
console.error: SearchCache: "_readCacheFile: Error reading cache file:" (new Error("", "(unknown module)"))
1602264460726	Marionette	INFO	Listening on port 34711
1602264460801	Marionette	WARN	TLS certificate errors will be ignored for this session
1602264464387	Marionette	INFO	Stopped listening on port 34711
1602264464807	mozrunner::runner	INFO	Running command: "/usr/bin/firefox" "-marionette" "-foreground" "-no-remote" "-profile" "/tmp/rust_mozprofile.v9iK4c1PjivD"
console.error: SearchCache: "_readCacheFile: Error reading cache file:" (new Error("", "(unknown module)"))
1602264466640	Marionette	INFO	Listening on port 43441
1602264466713	Marionette	WARN	TLS certificate errors will be ignored for this session
1602264482092	Marionette	INFO	Stopped listening on port 43441
1602264482641	mozrunner::runner	INFO	Running command: "/usr/bin/firefox" "-marionette" "-foreground" "-no-remote" "-profile" "/tmp/rust_mozprofile.hZBuDZGSi7EH"
console.error: SearchCache: "_readCacheFile: Error reading cache file:" (new Error("", "(unknown module)"))
1602264484606	Marionette	INFO	Listening on port 41917
1602264484646	Marionette	WARN	TLS certificate errors will be ignored for this session
JavaScript warning: https://4pawsforability.org/wp-content/themes/salient/js/init.js?ver=10.0.1, line 8984: unreachable code after return statement
JavaScript warning: https://4pawsforability.org/wp-content/themes/salient/js/init.js?ver=10.0.1, line 9026: unreachable code after return statement
JavaScript warning: https://4pawsforability.org/wp-content/themes/salient/js/init.js?ver=10.0.1, line 8984: unreachable code after return statement
JavaScript warning: https://4pawsforability.org/wp-content/themes/salient/js/init.js?ver=10.0.1, line 9026: unreachable code after return statement
JavaScript warning: https://4pawsforability.org/wp-content/themes/salient/js/init.js?ver=10.0.1, line 8984: unreachable code after return statement
JavaScript warning: https://4pawsforability.org/wp-content/themes/salient/js/init.js?ver=10.0.1, line 9026: unreachable code after return statement
JavaScript warning: https://4pawsforability.org/wp-content/themes/salient/js/init.js?ver=10.0.1, line 8984: unreachable code after return statement
JavaScript warning: https://4pawsforability.org/wp-content/themes/salient/js/init.js?ver=10.0.1, line 8984: unreachable code after return statement
JavaScript warning: https://4pawsforability.org/wp-content/themes/salient/js/init.js?ver=10.0.1, line 9026: unreachable code after return statement
JavaScript warning: https://4pawsforability.org/wp-content/themes/salient/js/init.js?ver=10.0.1, line 8984: unreachable code after return statement
JavaScript warning: https://4pawsforability.org/wp-content/themes/salient/js/init.js?ver=10.0.1, line 8984: unreachable code after return statement
JavaScript warning: https://4pawsforability.org/wp-content/themes/salient/js/init.js?ver=10.0.1, line 9026: unreachable code after return statement
JavaScript warning: https://4pawsforability.org/wp-content/themes/salient/js/init.js?ver=10.0.1, line 8984: unreachable code after return statement
1602264498825	Marionette	INFO	Stopped listening on port 41917
1602264499424	mozrunner::runner	INFO	Running command: "/usr/bin/firefox" "-marionette" "-foreground" "-no-remote" "-profile" "/tmp/rust_mozprofile.M8ehywCC1Esy"
console.error: SearchCache: "_readCacheFile: Error reading cache file:" (new Error("", "(unknown module)"))
1602264501633	Marionette	INFO	Listening on port 42095
1602264501742	Marionette	WARN	TLS certificate errors will be ignored for this session
1602264512060	Marionette	INFO	Stopped listening on port 42095
1602264512497	mozrunner::runner	INFO	Running command: "/usr/bin/firefox" "-marionette" "-foreground" "-no-remote" "-profile" "/tmp/rust_mozprofile.aEyqIPvqBIid"
console.error: SearchCache: "_readCacheFile: Error reading cache file:" (new Error("", "(unknown module)"))
1602264514276	Marionette	INFO	Listening on port 42955
1602264514324	Marionette	WARN	TLS certificate errors will be ignored for this session
JavaScript error: resource://gre/actors/PictureInPictureChild.jsm, line 143: InvalidStateError: An attempt was made to use an object that is not, or is no longer, usable
JavaScript error: resource://gre/actors/PictureInPictureChild.jsm, line 143: InvalidStateError: An attempt was made to use an object that is not, or is no longer, usable
JavaScript error: , line 0: uncaught exception: undefined
1602264526135	Marionette	INFO	Stopped listening on port 42955
1602264526660	mozrunner::runner	INFO	Running command: "/usr/bin/firefox" "-marionette" "-foreground" "-no-remote" "-profile" "/tmp/rust_mozprofile.tA3ucgTH6ewt"
console.error: SearchCache: "_readCacheFile: Error reading cache file:" (new Error("", "(unknown module)"))
1602264528498	Marionette	INFO	Listening on port 43569
1602264528564	Marionette	WARN	TLS certificate errors will be ignored for this session
1602264537208	Marionette	INFO	Stopped listening on port 43569
1602264537631	mozrunner::runner	INFO	Running command: "/usr/bin/firefox" "-marionette" "-foreground" "-no-remote" "-profile" "/tmp/rust_mozprofile.GgaEMFIjV3UV"
console.error: SearchCache: "_readCacheFile: Error reading cache file:" (new Error("", "(unknown module)"))
1602264539440	Marionette	INFO	Listening on port 46467
1602264539537	Marionette	WARN	TLS certificate errors will be ignored for this session
1602264541857	Marionette	INFO	Stopped listening on port 46467
1602264542278	mozrunner::runner	INFO	Running command: "/usr/bin/firefox" "-marionette" "-foreground" "-no-remote" "-profile" "/tmp/rust_mozprofile.HOKb5g4HIK1k"
console.error: SearchCache: "_readCacheFile: Error reading cache file:" (new Error("", "(unknown module)"))
1602264544562	Marionette	INFO	Listening on port 46539
1602264544584	Marionette	WARN	TLS certificate errors will be ignored for this session
1602264566257	Marionette	INFO	Stopped listening on port 46539
JavaScript error: https://c.disquscdn.com/next/embed/common.bundle.63145499704f9a276b6c681c79021303.js, line 7: NS_ERROR_NOT_INITIALIZED: 
1602264566729	mozrunner::runner	INFO	Running command: "/usr/bin/firefox" "-marionette" "-foreground" "-no-remote" "-profile" "/tmp/rust_mozprofile.ZX163eZOfm3g"
console.error: SearchCache: "_readCacheFile: Error reading cache file:" (new Error("", "(unknown module)"))
1602264568649	Marionette	INFO	Listening on port 38055
1602264568734	Marionette	WARN	TLS certificate errors will be ignored for this session
IPDL protocol error: Handler returned error code!

###!!! [Parent][DispatchAsyncMessage] Error: PLayerTransaction::Msg_ReleaseLayer Processing error: message was deserialized, but the handler returned false (indicating failure)

IPDL protocol error: Handler returned error code!

###!!! [Parent][DispatchAsyncMessage] Error: PLayerTransaction::Msg_ReleaseLayer Processing error: message was deserialized, but the handler returned false (indicating failure)

1602264799608	Marionette	INFO	Stopped listening on port 38055
1602264920782	mozrunner::runner	INFO	Running command: "/usr/bin/firefox" "-marionette" "-foreground" "-no-remote" "-profile" "/tmp/rust_mozprofile.hZPO81b77JYb"
console.error: SearchCache: "_readCacheFile: Error reading cache file:" (new Error("", "(unknown module)"))
1602264922709	Marionette	INFO	Listening on port 34187
1602264922789	Marionette	WARN	TLS certificate errors will be ignored for this session
1602264986996	mozrunner::runner	INFO	Running command: "/usr/bin/firefox" "-marionette" "-foreground" "-no-remote" "-profile" "/tmp/rust_mozprofile.FNyi2jj5MZng"
console.error: SearchCache: "_readCacheFile: Error reading cache file:" (new Error("", "(unknown module)"))
1602264988743	Marionette	INFO	Listening on port 38843
1602264988805	Marionette	WARN	TLS certificate errors will be ignored for this session
SourceActor threw an exception: [Exception... "Component returned failure code: 0x80470002 (NS_BASE_STREAM_CLOSED) [nsIInputStream.available]"  nsresult: "0x80470002 (NS_BASE_STREAM_CLOSED)"  location: "JS frame :: resource://devtools/shared/DevToolsUtils.js :: onResponse :: line 560"  data: no]
Stack: onResponse@resource://devtools/shared/DevToolsUtils.js:560:34
onStopRequest@resource://gre/modules/NetUtil.jsm:128:18
Line: 560, column: 0
console.error: ({})
JavaScript error: resource://devtools/shared/DevToolsUtils.js, line 560: NS_BASE_STREAM_CLOSED: Component returned failure code: 0x80470002 (NS_BASE_STREAM_CLOSED) [nsIInputStream.available]
JavaScript error: resource://gre/actors/AutoCompleteChild.jsm, line 235: Error: Invalid autocomplete selectedIndex
1602265318882	mozrunner::runner	INFO	Running command: "/usr/bin/firefox" "-marionette" "-foreground" "-no-remote" "-profile" "/tmp/rust_mozprofile.jo9EisMsSULm"
console.error: SearchCache: "_readCacheFile: Error reading cache file:" (new Error("", "(unknown module)"))
1602265320836	Marionette	INFO	Listening on port 46487
1602265320887	Marionette	WARN	TLS certificate errors will be ignored for this session
JavaScript error: resource:///actors/LightweightThemeChild.jsm, line 28: TypeError: this.docShell is null
JavaScript error: resource:///actors/LightweightThemeChild.jsm, line 28: TypeError: this.docShell is null
JavaScript error: resource:///actors/LightweightThemeChild.jsm, line 28: TypeError: this.docShell is null
JavaScript error: resource:///actors/LightweightThemeChild.jsm, line 28: TypeError: this.docShell is null
JavaScript error: resource:///actors/LightweightThemeChild.jsm, line 28: TypeError: this.docShell is null
JavaScript error: resource:///actors/LightweightThemeChild.jsm, line 28: TypeError: this.docShell is null
1602265364814	Marionette	INFO	Stopped listening on port 38843
JavaScript error: https://maps.googleapis.com/maps/api/js?key=AIzaSyDKpUxWxmLssv0h-IbbmAGVQ0KUhjjqVXs, line 80: Error: Could not load "util".
1602265517261	Marionette	INFO	Stopped listening on port 46487
1602279382548	mozrunner::runner	INFO	Running command: "/usr/bin/firefox" "-marionette" "-foreground" "-no-remote" "-profile" "/tmp/rust_mozprofile.Vdkoca88ukW3"
console.error: SearchCache: "_readCacheFile: Error reading cache file:" (new Error("", "(unknown module)"))
1602279384860	Marionette	INFO	Listening on port 33545
1602279384955	Marionette	WARN	TLS certificate errors will be ignored for this session
JavaScript warning: https://js.arcgis.com/4.17/esri/views/webgl.js, line 102: WebGL warning: drawArraysInstanced: Drawing without vertex attrib 0 array enabled forces the browser to do expensive emulation work when running on desktop OpenGL platforms, for example on Mac. It is preferable to always draw with vertex attrib 0 array enabled, by using bindAttribLocation to bind some always-used attribute to location 0.
JavaScript warning: https://js.arcgis.com/4.17/esri/views/webgl.js, line 102: WebGL warning: drawArraysInstanced: Drawing without vertex attrib 0 array enabled forces the browser to do expensive emulation work when running on desktop OpenGL platforms, for example on Mac. It is preferable to always draw with vertex attrib 0 array enabled, by using bindAttribLocation to bind some always-used attribute to location 0.
SourceActor threw an exception: [Exception... "Component returned failure code: 0x80470002 (NS_BASE_STREAM_CLOSED) [nsIInputStream.available]"  nsresult: "0x80470002 (NS_BASE_STREAM_CLOSED)"  location: "JS frame :: resource://devtools/shared/DevToolsUtils.js :: onResponse :: line 560"  data: no]
Stack: onResponse@resource://devtools/shared/DevToolsUtils.js:560:34
onStopRequest@resource://gre/modules/NetUtil.jsm:128:18
Line: 560, column: 0
console.error: ({})
JavaScript error: resource://devtools/shared/DevToolsUtils.js, line 560: NS_BASE_STREAM_CLOSED: Component returned failure code: 0x80470002 (NS_BASE_STREAM_CLOSED) [nsIInputStream.available]
JavaScript warning: https://js.arcgis.com/4.17/esri/views/webgl.js, line 102: WebGL warning: drawArraysInstanced: Drawing without vertex attrib 0 array enabled forces the browser to do expensive emulation work when running on desktop OpenGL platforms, for example on Mac. It is preferable to always draw with vertex attrib 0 array enabled, by using bindAttribLocation to bind some always-used attribute to location 0.
1602279808666	mozrunner::runner	INFO	Running command: "/usr/bin/firefox" "-marionette" "-foreground" "-no-remote" "-profile" "/tmp/rust_mozprofile.UMrayg6Uy0n5"
console.error: SearchCache: "_readCacheFile: Error reading cache file:" (new Error("", "(unknown module)"))
1602279810875	Marionette	INFO	Listening on port 35133
1602279810971	Marionette	WARN	TLS certificate errors will be ignored for this session
IPDL protocol error: Handler returned error code!

###!!! [Parent][DispatchAsyncMessage] Error: PLayerTransaction::Msg_ReleaseLayer Processing error: message was deserialized, but the handler returned false (indicating failure)

IPDL protocol error: Handler returned error code!

###!!! [Parent][DispatchAsyncMessage] Error: PLayerTransaction::Msg_ReleaseLayer Processing error: message was deserialized, but the handler returned false (indicating failure)

IPDL protocol error: Handler returned error code!

###!!! [Parent][DispatchAsyncMessage] Error: PLayerTransaction::Msg_ReleaseLayer Processing error: message was deserialized, but the handler returned false (indicating failure)

IPDL protocol error: Handler returned error code!

###!!! [Parent][DispatchAsyncMessage] Error: PLayerTransaction::Msg_ReleaseLayer Processing error: message was deserialized, but the handler returned false (indicating failure)

IPDL protocol error: Handler returned error code!

###!!! [Parent][DispatchAsyncMessage] Error: PLayerTransaction::Msg_ReleaseLayer Processing error: message was deserialized, but the handler returned false (indicating failure)

IPDL protocol error: Handler returned error code!

###!!! [Parent][DispatchAsyncMessage] Error: PLayerTransaction::Msg_ReleaseLayer Processing error: message was deserialized, but the handler returned false (indicating failure)

IPDL protocol error: Handler returned error code!

###!!! [Parent][DispatchAsyncMessage] Error: PLayerTransaction::Msg_ReleaseLayer Processing error: message was deserialized, but the handler returned false (indicating failure)

IPDL protocol error: Handler returned error code!

###!!! [Parent][DispatchAsyncMessage] Error: PLayerTransaction::Msg_ReleaseLayer Processing error: message was deserialized, but the handler returned false (indicating failure)

IPDL protocol error: Handler returned error code!

###!!! [Parent][DispatchAsyncMessage] Error: PLayerTransaction::Msg_ReleaseLayer Processing error: message was deserialized, but the handler returned false (indicating failure)

IPDL protocol error: Handler returned error code!

###!!! [Parent][DispatchAsyncMessage] Error: PLayerTransaction::Msg_ReleaseLayer Processing error: message was deserialized, but the handler returned false (indicating failure)

IPDL protocol error: Handler returned error code!

###!!! [Parent][DispatchAsyncMessage] Error: PLayerTransaction::Msg_ReleaseLayer Processing error: message was deserialized, but the handler returned false (indicating failure)

IPDL protocol error: Handler returned error code!

###!!! [Parent][DispatchAsyncMessage] Error: PLayerTransaction::Msg_ReleaseLayer Processing error: message was deserialized, but the handler returned false (indicating failure)

IPDL protocol error: Handler returned error code!

###!!! [Parent][DispatchAsyncMessage] Error: PLayerTransaction::Msg_ReleaseLayer Processing error: message was deserialized, but the handler returned false (indicating failure)

1602279834807	Marionette	INFO	Stopped listening on port 33545
1602279857934	mozrunner::runner	INFO	Running command: "/usr/bin/firefox" "-marionette" "-foreground" "-no-remote" "-profile" "/tmp/rust_mozprofile.FhnRGTBcOQ88"
console.error: SearchCache: "_readCacheFile: Error reading cache file:" (new Error("", "(unknown module)"))
1602279860104	Marionette	INFO	Listening on port 42791
1602279860140	Marionette	WARN	TLS certificate errors will be ignored for this session
1602279862168	Marionette	INFO	Stopped listening on port 35133
1602279917212	mozrunner::runner	INFO	Running command: "/usr/bin/firefox" "-marionette" "-foreground" "-no-remote" "-profile" "/tmp/rust_mozprofile.18VCPYAPs9E0"
console.error: SearchCache: "_readCacheFile: Error reading cache file:" (new Error("", "(unknown module)"))
1602279919363	Marionette	INFO	Listening on port 40535
1602279919418	Marionette	WARN	TLS certificate errors will be ignored for this session
1602279926271	Marionette	INFO	Stopped listening on port 40535
1602279947673	mozrunner::runner	INFO	Running command: "/usr/bin/firefox" "-marionette" "-foreground" "-no-remote" "-profile" "/tmp/rust_mozprofile.9sYjs07Yy0KA"
console.error: SearchCache: "_readCacheFile: Error reading cache file:" (new Error("", "(unknown module)"))
1602279949809	Marionette	INFO	Listening on port 35153
1602279949878	Marionette	WARN	TLS certificate errors will be ignored for this session
1602279956063	Marionette	INFO	Stopped listening on port 35153
1602279979653	mozrunner::runner	INFO	Running command: "/usr/bin/firefox" "-marionette" "-foreground" "-no-remote" "-profile" "/tmp/rust_mozprofile.AK7Ci0EMABw0"
console.error: SearchCache: "_readCacheFile: Error reading cache file:" (new Error("", "(unknown module)"))
1602279981885	Marionette	INFO	Listening on port 41319
1602279981960	Marionette	WARN	TLS certificate errors will be ignored for this session
1602279984504	Marionette	INFO	Stopped listening on port 42791
1602279988086	Marionette	INFO	Stopped listening on port 41319
1602279988615	mozrunner::runner	INFO	Running command: "/usr/bin/firefox" "-marionette" "-foreground" "-no-remote" "-profile" "/tmp/rust_mozprofile.lL90piPXTzuv"
console.error: SearchCache: "_readCacheFile: Error reading cache file:" (new Error("", "(unknown module)"))
1602279990650	Marionette	INFO	Listening on port 44949
1602279990719	Marionette	WARN	TLS certificate errors will be ignored for this session
1602279996659	Marionette	INFO	Stopped listening on port 44949
1602279997196	mozrunner::runner	INFO	Running command: "/usr/bin/firefox" "-marionette" "-foreground" "-no-remote" "-profile" "/tmp/rust_mozprofile.KhDt2Ia2ySWT"
console.error: SearchCache: "_readCacheFile: Error reading cache file:" (new Error("", "(unknown module)"))
1602279999245	Marionette	INFO	Listening on port 46397
1602279999300	Marionette	WARN	TLS certificate errors will be ignored for this session
1602280008581	Marionette	INFO	Stopped listening on port 46397
1602280009023	mozrunner::runner	INFO	Running command: "/usr/bin/firefox" "-marionette" "-foreground" "-no-remote" "-profile" "/tmp/rust_mozprofile.5W51DKgYBwFU"
console.error: SearchCache: "_readCacheFile: Error reading cache file:" (new Error("", "(unknown module)"))
1602280011015	Marionette	INFO	Listening on port 45647
1602280011031	Marionette	WARN	TLS certificate errors will be ignored for this session
1602280016317	Marionette	INFO	Stopped listening on port 45647
1602280016858	mozrunner::runner	INFO	Running command: "/usr/bin/firefox" "-marionette" "-foreground" "-no-remote" "-profile" "/tmp/rust_mozprofile.6QNBHbNghJJ1"
console.error: SearchCache: "_readCacheFile: Error reading cache file:" (new Error("", "(unknown module)"))
1602280018911	Marionette	INFO	Listening on port 43341
1602280018962	Marionette	WARN	TLS certificate errors will be ignored for this session
1602280025312	Marionette	INFO	Stopped listening on port 43341
1602280025840	mozrunner::runner	INFO	Running command: "/usr/bin/firefox" "-marionette" "-foreground" "-no-remote" "-profile" "/tmp/rust_mozprofile.gHChwpsfviuP"
console.error: SearchCache: "_readCacheFile: Error reading cache file:" (new Error("", "(unknown module)"))
1602280027967	Marionette	INFO	Listening on port 42351
1602280028045	Marionette	WARN	TLS certificate errors will be ignored for this session
JavaScript warning: https://ajax.googleapis.com/ajax/libs/jquery/1.10.2/jquery.min.js, line 2: Using //@ to indicate sourceMappingURL pragmas is deprecated. Use //# instead
JavaScript error: https://www.nafcclinics.org/sites/all/themes/theme974/js/jquery.simplr.smoothscroll.min.js?qh5y50, line 2: TypeError: n.target.mousewheel is not a function
JavaScript warning: https://ajax.googleapis.com/ajax/libs/jquery/1.10.2/jquery.min.js, line 2: Using //@ to indicate sourceMappingURL pragmas is deprecated. Use //# instead
JavaScript error: https://www.nafcclinics.org/sites/all/themes/theme974/js/jquery.simplr.smoothscroll.min.js?qh5y50, line 2: TypeError: n.target.mousewheel is not a function
JavaScript warning: https://ajax.googleapis.com/ajax/libs/jquery/1.10.2/jquery.min.js, line 2: Using //@ to indicate sourceMappingURL pragmas is deprecated. Use //# instead
JavaScript error: https://www.nafcclinics.org/sites/all/themes/theme974/js/jquery.simplr.smoothscroll.min.js?qh5y50, line 2: TypeError: n.target.mousewheel is not a function
JavaScript warning: https://ajax.googleapis.com/ajax/libs/jquery/1.10.2/jquery.min.js, line 2: Using //@ to indicate sourceMappingURL pragmas is deprecated. Use //# instead
JavaScript error: https://www.nafcclinics.org/sites/all/themes/theme974/js/jquery.simplr.smoothscroll.min.js?qh5y50, line 2: TypeError: n.target.mousewheel is not a function
1602280032053	Marionette	INFO	Stopped listening on port 42351
1602280032609	mozrunner::runner	INFO	Running command: "/usr/bin/firefox" "-marionette" "-foreground" "-no-remote" "-profile" "/tmp/rust_mozprofile.Z5BOc6HUzmiG"
console.error: SearchCache: "_readCacheFile: Error reading cache file:" (new Error("", "(unknown module)"))
1602280034755	Marionette	INFO	Listening on port 46511
1602280034815	Marionette	WARN	TLS certificate errors will be ignored for this session
JavaScript error: https://www.blessingsinabackpack.org/wp-content/themes/kunco_child/js/custom-scripts.js?ver=5.5.1, line 4: TypeError: textarea is null
JavaScript error: https://www.blessingsinabackpack.org/wp-content/themes/kunco_child/js/custom-scripts.js?ver=5.5.1, line 4: TypeError: textarea is null
JavaScript error: https://static-exp1.licdn.com/sc/h/f546x2z27u23lo0em9hg6iiva, line 1: Error: Could not lazy load JS with src https://static-exp1.licdn.com/sc/h/ey92ic89flxvn0vbjz7ade696
JavaScript error: https://www.blessingsinabackpack.org/wp-content/themes/kunco_child/js/custom-scripts.js?ver=5.5.1, line 4: TypeError: textarea is null
JavaScript error: https://www.blessingsinabackpack.org/wp-content/themes/kunco_child/js/custom-scripts.js?ver=5.5.1, line 4: TypeError: textarea is null
1602280043536	Marionette	INFO	Stopped listening on port 46511
1602280044061	mozrunner::runner	INFO	Running command: "/usr/bin/firefox" "-marionette" "-foreground" "-no-remote" "-profile" "/tmp/rust_mozprofile.gaVdLLE4xeQi"
console.error: SearchCache: "_readCacheFile: Error reading cache file:" (new Error("", "(unknown module)"))
1602280046438	Marionette	INFO	Listening on port 40391
1602280046468	Marionette	WARN	TLS certificate errors will be ignored for this session
JavaScript error: https://www.therecyclery.org/wp-content/plugins/wp-notification-bars/public/js/wp-notification-bars-public.js, line 2: ReferenceError: jQuery is not defined
JavaScript error: https://www.therecyclery.org/attention-our-programs-are-suspended-until-further-notice/ line 1 > injectedScript, line 2: ReferenceError: lazySizes is not defined
1602280055152	Marionette	INFO	Stopped listening on port 40391
1602280058641	mozrunner::runner	INFO	Running command: "/usr/bin/firefox" "-marionette" "-foreground" "-no-remote" "-profile" "/tmp/rust_mozprofile.vX50V0MRJXLS"
console.error: SearchCache: "_readCacheFile: Error reading cache file:" (new Error("", "(unknown module)"))
1602280060683	Marionette	INFO	Listening on port 43699
1602280060746	Marionette	WARN	TLS certificate errors will be ignored for this session
1602280073269	Marionette	INFO	Stopped listening on port 43699
1602280073916	mozrunner::runner	INFO	Running command: "/usr/bin/firefox" "-marionette" "-foreground" "-no-remote" "-profile" "/tmp/rust_mozprofile.P70OnjjNT9oR"
console.error: SearchCache: "_readCacheFile: Error reading cache file:" (new Error("", "(unknown module)"))
1602280075967	Marionette	INFO	Listening on port 38689
1602280076027	Marionette	WARN	TLS certificate errors will be ignored for this session
1602280083198	Marionette	INFO	Stopped listening on port 38689
1602280083766	mozrunner::runner	INFO	Running command: "/usr/bin/firefox" "-marionette" "-foreground" "-no-remote" "-profile" "/tmp/rust_mozprofile.oQ0TzLOvur53"
console.error: SearchCache: "_readCacheFile: Error reading cache file:" (new Error("", "(unknown module)"))
1602280085922	Marionette	INFO	Listening on port 42333
1602280085972	Marionette	WARN	TLS certificate errors will be ignored for this session
1602280095044	Marionette	INFO	Stopped listening on port 42333
1602280095610	mozrunner::runner	INFO	Running command: "/usr/bin/firefox" "-marionette" "-foreground" "-no-remote" "-profile" "/tmp/rust_mozprofile.m8OC5jtdfAfN"
console.error: SearchCache: "_readCacheFile: Error reading cache file:" (new Error("", "(unknown module)"))
1602280097723	Marionette	INFO	Listening on port 37545
1602280097815	Marionette	WARN	TLS certificate errors will be ignored for this session
1602280104555	Marionette	INFO	Stopped listening on port 37545
1602280105108	mozrunner::runner	INFO	Running command: "/usr/bin/firefox" "-marionette" "-foreground" "-no-remote" "-profile" "/tmp/rust_mozprofile.XKMOWrIJc1Mh"
console.error: SearchCache: "_readCacheFile: Error reading cache file:" (new Error("", "(unknown module)"))
1602280107206	Marionette	INFO	Listening on port 40407
1602280107214	Marionette	WARN	TLS certificate errors will be ignored for this session
1602280131804	Marionette	INFO	Stopped listening on port 40407
1602280132386	mozrunner::runner	INFO	Running command: "/usr/bin/firefox" "-marionette" "-foreground" "-no-remote" "-profile" "/tmp/rust_mozprofile.rFDzczBc8xpb"
console.error: SearchCache: "_readCacheFile: Error reading cache file:" (new Error("", "(unknown module)"))
1602280134461	Marionette	INFO	Listening on port 39915
1602280134493	Marionette	WARN	TLS certificate errors will be ignored for this session
1602280140441	Marionette	INFO	Stopped listening on port 39915
1602280141029	mozrunner::runner	INFO	Running command: "/usr/bin/firefox" "-marionette" "-foreground" "-no-remote" "-profile" "/tmp/rust_mozprofile.O9tNUsFuTqQz"
console.error: SearchCache: "_readCacheFile: Error reading cache file:" (new Error("", "(unknown module)"))
1602280143166	Marionette	INFO	Listening on port 43933
1602280143237	Marionette	WARN	TLS certificate errors will be ignored for this session
1602280155313	Marionette	INFO	Stopped listening on port 43933
IPDL protocol error: Handler returned error code!

###!!! [Parent][DispatchAsyncMessage] Error: PLayerTransaction::Msg_ReleaseLayer Processing error: message was deserialized, but the handler returned false (indicating failure)

1602280155858	mozrunner::runner	INFO	Running command: "/usr/bin/firefox" "-marionette" "-foreground" "-no-remote" "-profile" "/tmp/rust_mozprofile.e8ETIFTHnq6q"
console.error: SearchCache: "_readCacheFile: Error reading cache file:" (new Error("", "(unknown module)"))
1602280158042	Marionette	INFO	Listening on port 35969
1602280158065	Marionette	WARN	TLS certificate errors will be ignored for this session
1602280161542	Marionette	INFO	Stopped listening on port 35969
JavaScript error: https://www.gstatic.com/recaptcha/releases/48TunWH-ZrLteSwFVbw6tVnx/recaptcha__en.js, line 332: NS_ERROR_NOT_INITIALIZED: 
IPDL protocol error: Handler returned error code!

###!!! [Parent][DispatchAsyncMessage] Error: PMessagePort::Msg_PostMessages Processing error: message was deserialized, but the handler returned false (indicating failure)

1602280162104	mozrunner::runner	INFO	Running command: "/usr/bin/firefox" "-marionette" "-foreground" "-no-remote" "-profile" "/tmp/rust_mozprofile.ZtM1a0KRft1z"
console.error: SearchCache: "_readCacheFile: Error reading cache file:" (new Error("", "(unknown module)"))
1602280164129	Marionette	INFO	Listening on port 39845
1602280164209	Marionette	WARN	TLS certificate errors will be ignored for this session
1602280169723	Marionette	INFO	Stopped listening on port 39845
1602280182580	mozrunner::runner	INFO	Running command: "/usr/bin/firefox" "-marionette" "-foreground" "-no-remote" "-profile" "/tmp/rust_mozprofile.39FHziAl4TpT"
console.error: SearchCache: "_readCacheFile: Error reading cache file:" (new Error("", "(unknown module)"))
1602280184657	Marionette	INFO	Listening on port 40391
1602280184686	Marionette	WARN	TLS certificate errors will be ignored for this session
1602280206155	Marionette	INFO	Stopped listening on port 40391
1602280279616	mozrunner::runner	INFO	Running command: "/usr/bin/firefox" "-marionette" "-foreground" "-no-remote" "-profile" "/tmp/rust_mozprofile.aFEpuIgCRGMG"
console.error: SearchCache: "_readCacheFile: Error reading cache file:" (new Error("", "(unknown module)"))
1602280281638	Marionette	INFO	Listening on port 44171
1602280281721	Marionette	WARN	TLS certificate errors will be ignored for this session
1602280349415	mozrunner::runner	INFO	Running command: "/usr/bin/firefox" "-marionette" "-foreground" "-no-remote" "-profile" "/tmp/rust_mozprofile.Tcy5pd20c3e9"
console.error: SearchCache: "_readCacheFile: Error reading cache file:" (new Error("", "(unknown module)"))
1602280351626	Marionette	INFO	Listening on port 46573
1602280351720	Marionette	WARN	TLS certificate errors will be ignored for this session
JavaScript error: https://storymaps.arcgis.com/_next/static/chunks/fdb957c569d0573b32d1d773b0d98c5216e19d03.b49fe38f217032a7cbcc.js, line 1: Error: There was an error attempting to load https://js.arcgis.com/4.17/
JavaScript error: https://storymaps.arcgis.com/_next/static/chunks/fdb957c569d0573b32d1d773b0d98c5216e19d03.b49fe38f217032a7cbcc.js, line 1: Error: There was an error attempting to load https://js.arcgis.com/4.17/
JavaScript error: https://storymaps.arcgis.com/_next/static/chunks/fdb957c569d0573b32d1d773b0d98c5216e19d03.b49fe38f217032a7cbcc.js, line 1: Error: There was an error attempting to load https://js.arcgis.com/4.17/
JavaScript error: https://storymaps.arcgis.com/_next/static/chunks/fdb957c569d0573b32d1d773b0d98c5216e19d03.b49fe38f217032a7cbcc.js, line 1: Error: There was an error attempting to load https://js.arcgis.com/4.17/
1602280363082	Marionette	INFO	Stopped listening on port 44171
1602280365659	Marionette	INFO	Stopped listening on port 46573
